<?xml version="1.0" encoding="UTF-8"?>
<testsuite xmlns:xsi="http://www.w3.org/2001/XMLSchema-instance" xsi:noNamespaceSchemaLocation="https://maven.apache.org/surefire/maven-failsafe-plugin/xsd/failsafe-test-report.xsd" version="3.0.2" name="org.acme.foodpackaging.JarWithDependenciesIT" time="6.402" tests="1" errors="0" skipped="0" failures="0">
  <properties>
[...]
</properties>
  <testcase name="runJarWithDependencies" classname="org.acme.foodpackaging.JarWithDependenciesIT" time="6.368"/>
</testsuite>